<?xml version="1.0" encoding="UTF-8"?>
<testsuite name="kybmig.ssm.SsmApplicationTests" tests="1" skipped="0" failures="0" errors="0" timestamp="2020-10-07T12:21:55" hostname="fumanhuadeMacBook-Air.local" time="0.656">
  <properties/>
  <testcase name="contextLoads" classname="kybmig.ssm.SsmApplicationTests" time="0.656"/>
  <system-out><![CDATA[20:21:49.407 [Test worker] DEBUG org.springframework.test.context.junit4.SpringJUnit4ClassRunner - SpringJUnit4ClassRunner constructor called with [class kybmig.ssm.SsmApplicationTests]
20:21:49.434 [Test worker] DEBUG org.springframework.test.context.BootstrapUtils - Instantiating CacheAwareContextLoaderDelegate from class [org.springframework.test.context.cache.DefaultCacheAwareContextLoaderDelegate]
20:21:49.450 [Test worker] DEBUG org.springframework.test.context.BootstrapUtils - Instantiating BootstrapContext using constructor [public org.springframework.test.context.support.DefaultBootstrapContext(java.lang.Class,org.springframework.test.context.CacheAwareContextLoaderDelegate)]
20:21:49.488 [Test worker] DEBUG org.springframework.test.context.BootstrapUtils - Instantiating TestContextBootstrapper for test class [kybmig.ssm.SsmApplicationTests] from class [org.springframework.boot.test.context.SpringBootTestContextBootstrapper]
20:21:49.517 [Test worker] INFO org.springframework.boot.test.context.SpringBootTestContextBootstrapper - Neither @ContextConfiguration nor @ContextHierarchy found for test class [kybmig.ssm.SsmApplicationTests], using SpringBootContextLoader
20:21:49.525 [Test worker] DEBUG org.springframework.test.context.support.AbstractContextLoader - Did not detect default resource location for test class [kybmig.ssm.SsmApplicationTests]: class path resource [kybmig/ssm/SsmApplicationTests-context.xml] does not exist
20:21:49.527 [Test worker] DEBUG org.springframework.test.context.support.AbstractContextLoader - Did not detect default resource location for test class [kybmig.ssm.SsmApplicationTests]: class path resource [kybmig/ssm/SsmApplicationTestsContext.groovy] does not exist
20:21:49.527 [Test worker] INFO org.springframework.test.context.support.AbstractContextLoader - Could not detect default resource locations for test class [kybmig.ssm.SsmApplicationTests]: no resource found for suffixes {-context.xml, Context.groovy}.
20:21:49.531 [Test worker] INFO org.springframework.test.context.support.AnnotationConfigContextLoaderUtils - Could not detect default configuration classes for test class [kybmig.ssm.SsmApplicationTests]: SsmApplicationTests does not declare any static, non-private, non-final, nested classes annotated with @Configuration.
20:21:49.597 [Test worker] DEBUG org.springframework.test.context.support.ActiveProfilesUtils - Could not find an 'annotation declaring class' for annotation type [org.springframework.test.context.ActiveProfiles] and class [kybmig.ssm.SsmApplicationTests]
20:21:49.692 [Test worker] DEBUG org.springframework.context.annotation.ClassPathScanningCandidateComponentProvider - Identified candidate component class: file [/Users/fumanhua/Desktop/web19-2-maybefinal/板书/build/classes/java/main/kybmig/ssm/SsmApplication.class]
20:21:49.695 [Test worker] INFO org.springframework.boot.test.context.SpringBootTestContextBootstrapper - Found @SpringBootConfiguration kybmig.ssm.SsmApplication for test class kybmig.ssm.SsmApplicationTests
20:21:49.823 [Test worker] DEBUG org.springframework.boot.test.context.SpringBootTestContextBootstrapper - @TestExecutionListeners is not present for class [kybmig.ssm.SsmApplicationTests]: using defaults.
20:21:49.824 [Test worker] INFO org.springframework.boot.test.context.SpringBootTestContextBootstrapper - Loaded default TestExecutionListener class names from location [META-INF/spring.factories]: [org.springframework.boot.test.autoconfigure.restdocs.RestDocsTestExecutionListener, org.springframework.boot.test.autoconfigure.web.client.MockRestServiceServerResetTestExecutionListener, org.springframework.boot.test.autoconfigure.web.servlet.MockMvcPrintOnlyOnFailureTestExecutionListener, org.springframework.boot.test.autoconfigure.web.servlet.WebDriverTestExecutionListener, org.springframework.boot.test.mock.mockito.MockitoTestExecutionListener, org.springframework.boot.test.mock.mockito.ResetMocksTestExecutionListener, org.springframework.test.context.web.ServletTestExecutionListener, org.springframework.test.context.support.DirtiesContextBeforeModesTestExecutionListener, org.springframework.test.context.support.DependencyInjectionTestExecutionListener, org.springframework.test.context.support.DirtiesContextTestExecutionListener, org.springframework.test.context.transaction.TransactionalTestExecutionListener, org.springframework.test.context.jdbc.SqlScriptsTestExecutionListener]
20:21:49.855 [Test worker] INFO org.springframework.boot.test.context.SpringBootTestContextBootstrapper - Using TestExecutionListeners: [org.springframework.test.context.web.ServletTestExecutionListener@3c04676f, org.springframework.test.context.support.DirtiesContextBeforeModesTestExecutionListener@61c3eb62, org.springframework.boot.test.mock.mockito.MockitoTestExecutionListener@70f887bc, org.springframework.boot.test.autoconfigure.SpringBootDependencyInjectionTestExecutionListener@2c85cb68, org.springframework.test.context.support.DirtiesContextTestExecutionListener@33a5fe88, org.springframework.test.context.transaction.TransactionalTestExecutionListener@4d438b65, org.springframework.test.context.jdbc.SqlScriptsTestExecutionListener@79323016, org.springframework.boot.test.autoconfigure.restdocs.RestDocsTestExecutionListener@7b6e6ad3, org.springframework.boot.test.autoconfigure.web.client.MockRestServiceServerResetTestExecutionListener@67a39a88, org.springframework.boot.test.autoconfigure.web.servlet.MockMvcPrintOnlyOnFailureTestExecutionListener@366a2dba, org.springframework.boot.test.autoconfigure.web.servlet.WebDriverTestExecutionListener@5e3009e1, org.springframework.boot.test.mock.mockito.ResetMocksTestExecutionListener@5680c806]
20:21:49.863 [Test worker] DEBUG org.springframework.test.annotation.ProfileValueUtils - Retrieved @ProfileValueSourceConfiguration [null] for test class [kybmig.ssm.SsmApplicationTests]
20:21:49.865 [Test worker] DEBUG org.springframework.test.annotation.ProfileValueUtils - Retrieved ProfileValueSource type [class org.springframework.test.annotation.SystemProfileValueSource] for class [kybmig.ssm.SsmApplicationTests]
20:21:49.867 [Test worker] DEBUG org.springframework.test.annotation.ProfileValueUtils - Retrieved @ProfileValueSourceConfiguration [null] for test class [kybmig.ssm.SsmApplicationTests]
20:21:49.867 [Test worker] DEBUG org.springframework.test.annotation.ProfileValueUtils - Retrieved ProfileValueSource type [class org.springframework.test.annotation.SystemProfileValueSource] for class [kybmig.ssm.SsmApplicationTests]
20:21:49.875 [Test worker] DEBUG org.springframework.test.context.support.AbstractDirtiesContextTestExecutionListener - Before test class: context [DefaultTestContext@39e57488 testClass = SsmApplicationTests, testInstance = [null], testMethod = [null], testException = [null], mergedContextConfiguration = [WebMergedContextConfiguration@43b3c784 testClass = SsmApplicationTests, locations = '{}', classes = '{class kybmig.ssm.SsmApplication}', contextInitializerClasses = '[]', activeProfiles = '{}', propertySourceLocations = '{}', propertySourceProperties = '{org.springframework.boot.test.context.SpringBootTestContextBootstrapper=true}', contextCustomizers = set[org.springframework.boot.test.autoconfigure.properties.PropertyMappingContextCustomizer@0, org.springframework.boot.test.autoconfigure.web.servlet.WebDriverContextCustomizerFactory$Customizer@4352efb, org.springframework.boot.test.context.filter.ExcludeFilterContextCustomizer@2904da0a, org.springframework.boot.test.json.DuplicateJsonObjectContextCustomizerFactory$DuplicateJsonObjectContextCustomizer@4598ffd5, org.springframework.boot.test.mock.mockito.MockitoContextCustomizer@0, org.springframework.boot.test.web.client.TestRestTemplateContextCustomizer@6f03abdc], resourceBasePath = 'src/main/webapp', contextLoader = 'org.springframework.boot.test.context.SpringBootContextLoader', parent = [null]], attributes = map['org.springframework.test.context.web.ServletTestExecutionListener.activateListener' -> true]], class annotated with @DirtiesContext [false] with mode [null].
20:21:49.877 [Test worker] DEBUG org.springframework.test.annotation.ProfileValueUtils - Retrieved @ProfileValueSourceConfiguration [null] for test class [kybmig.ssm.SsmApplicationTests]
20:21:49.878 [Test worker] DEBUG org.springframework.test.annotation.ProfileValueUtils - Retrieved ProfileValueSource type [class org.springframework.test.annotation.SystemProfileValueSource] for class [kybmig.ssm.SsmApplicationTests]
20:21:49.915 [Test worker] DEBUG org.springframework.test.context.support.TestPropertySourceUtils - Adding inlined properties to environment: {spring.jmx.enabled=false, org.springframework.boot.test.context.SpringBootTestContextBootstrapper=true, server.port=-1}

  .   ____          _            __ _ _
 /\\ / ___'_ __ _ _(_)_ __  __ _ \ \ \ \
( ( )\___ | '_ | '_| | '_ \/ _` | \ \ \ \
 \\/  ___)| |_)| | | | | || (_| |  ) ) ) )
  '  |____| .__|_| |_|_| |_\__, | / / / /
 =========|_|==============|___/=/_/_/_/
 :: Spring Boot ::        (v2.1.7.RELEASE)

2020-10-07 20:21:50.542  INFO 60457 --- [    Test worker] kybmig.ssm.SsmApplicationTests           : Starting SsmApplicationTests on fumanhuadeMacBook-Air.local with PID 60457 (started by fumanhua in /Users/fumanhua/Desktop/web19-2-maybefinal/板书)
2020-10-07 20:21:50.544  INFO 60457 --- [    Test worker] kybmig.ssm.SsmApplicationTests           : No active profile set, falling back to default profiles: default
2020-10-07 20:21:50.594 DEBUG 60457 --- [    Test worker] o.s.w.c.s.GenericWebApplicationContext   : Refreshing org.springframework.web.context.support.GenericWebApplicationContext@3ea604a
2020-10-07 20:21:51.732 DEBUG 60457 --- [    Test worker] o.m.s.b.a.MybatisAutoConfiguration       : Searching for mappers annotated with @Mapper
2020-10-07 20:21:51.733 DEBUG 60457 --- [    Test worker] o.m.s.b.a.MybatisAutoConfiguration       : Using auto-configuration base package 'kybmig.ssm'
2020-10-07 20:21:51.868 DEBUG 60457 --- [    Test worker] o.m.s.mapper.ClassPathMapperScanner      : Identified candidate component class: file [/Users/fumanhua/Desktop/web19-2-maybefinal/板书/build/classes/java/main/kybmig/ssm/mapper/BoardMapper.class]
2020-10-07 20:21:51.868 DEBUG 60457 --- [    Test worker] o.m.s.mapper.ClassPathMapperScanner      : Identified candidate component class: file [/Users/fumanhua/Desktop/web19-2-maybefinal/板书/build/classes/java/main/kybmig/ssm/mapper/IpMapper.class]
2020-10-07 20:21:51.869 DEBUG 60457 --- [    Test worker] o.m.s.mapper.ClassPathMapperScanner      : Identified candidate component class: file [/Users/fumanhua/Desktop/web19-2-maybefinal/板书/build/classes/java/main/kybmig/ssm/mapper/TodoMapper.class]
2020-10-07 20:21:51.869 DEBUG 60457 --- [    Test worker] o.m.s.mapper.ClassPathMapperScanner      : Identified candidate component class: file [/Users/fumanhua/Desktop/web19-2-maybefinal/板书/build/classes/java/main/kybmig/ssm/mapper/TopicCommentMapper.class]
2020-10-07 20:21:51.869 DEBUG 60457 --- [    Test worker] o.m.s.mapper.ClassPathMapperScanner      : Identified candidate component class: file [/Users/fumanhua/Desktop/web19-2-maybefinal/板书/build/classes/java/main/kybmig/ssm/mapper/TopicMapper.class]
2020-10-07 20:21:51.870 DEBUG 60457 --- [    Test worker] o.m.s.mapper.ClassPathMapperScanner      : Identified candidate component class: file [/Users/fumanhua/Desktop/web19-2-maybefinal/板书/build/classes/java/main/kybmig/ssm/mapper/UserMapper.class]
2020-10-07 20:21:51.870 DEBUG 60457 --- [    Test worker] o.m.s.mapper.ClassPathMapperScanner      : Identified candidate component class: file [/Users/fumanhua/Desktop/web19-2-maybefinal/板书/build/classes/java/main/kybmig/ssm/mapper/WebNumMapper.class]
2020-10-07 20:21:51.870 DEBUG 60457 --- [    Test worker] o.m.s.mapper.ClassPathMapperScanner      : Identified candidate component class: file [/Users/fumanhua/Desktop/web19-2-maybefinal/板书/build/classes/java/main/kybmig/ssm/mapper/WeiboMapper.class]
2020-10-07 20:21:51.873 DEBUG 60457 --- [    Test worker] o.m.s.mapper.ClassPathMapperScanner      : Creating MapperFactoryBean with name 'boardMapper' and 'kybmig.ssm.mapper.BoardMapper' mapperInterface
2020-10-07 20:21:51.874 DEBUG 60457 --- [    Test worker] o.m.s.mapper.ClassPathMapperScanner      : Enabling autowire by type for MapperFactoryBean with name 'boardMapper'.
2020-10-07 20:21:51.874 DEBUG 60457 --- [    Test worker] o.m.s.mapper.ClassPathMapperScanner      : Creating MapperFactoryBean with name 'ipMapper' and 'kybmig.ssm.mapper.IpMapper' mapperInterface
2020-10-07 20:21:51.874 DEBUG 60457 --- [    Test worker] o.m.s.mapper.ClassPathMapperScanner      : Enabling autowire by type for MapperFactoryBean with name 'ipMapper'.
2020-10-07 20:21:51.874 DEBUG 60457 --- [    Test worker] o.m.s.mapper.ClassPathMapperScanner      : Creating MapperFactoryBean with name 'todoMapper' and 'kybmig.ssm.mapper.TodoMapper' mapperInterface
2020-10-07 20:21:51.875 DEBUG 60457 --- [    Test worker] o.m.s.mapper.ClassPathMapperScanner      : Enabling autowire by type for MapperFactoryBean with name 'todoMapper'.
2020-10-07 20:21:51.875 DEBUG 60457 --- [    Test worker] o.m.s.mapper.ClassPathMapperScanner      : Creating MapperFactoryBean with name 'topicCommentMapper' and 'kybmig.ssm.mapper.TopicCommentMapper' mapperInterface
2020-10-07 20:21:51.875 DEBUG 60457 --- [    Test worker] o.m.s.mapper.ClassPathMapperScanner      : Enabling autowire by type for MapperFactoryBean with name 'topicCommentMapper'.
2020-10-07 20:21:51.875 DEBUG 60457 --- [    Test worker] o.m.s.mapper.ClassPathMapperScanner      : Creating MapperFactoryBean with name 'topicMapper' and 'kybmig.ssm.mapper.TopicMapper' mapperInterface
2020-10-07 20:21:51.876 DEBUG 60457 --- [    Test worker] o.m.s.mapper.ClassPathMapperScanner      : Enabling autowire by type for MapperFactoryBean with name 'topicMapper'.
2020-10-07 20:21:51.876 DEBUG 60457 --- [    Test worker] o.m.s.mapper.ClassPathMapperScanner      : Creating MapperFactoryBean with name 'userMapper' and 'kybmig.ssm.mapper.UserMapper' mapperInterface
2020-10-07 20:21:51.876 DEBUG 60457 --- [    Test worker] o.m.s.mapper.ClassPathMapperScanner      : Enabling autowire by type for MapperFactoryBean with name 'userMapper'.
2020-10-07 20:21:51.876 DEBUG 60457 --- [    Test worker] o.m.s.mapper.ClassPathMapperScanner      : Creating MapperFactoryBean with name 'webNumMapper' and 'kybmig.ssm.mapper.WebNumMapper' mapperInterface
2020-10-07 20:21:51.877 DEBUG 60457 --- [    Test worker] o.m.s.mapper.ClassPathMapperScanner      : Enabling autowire by type for MapperFactoryBean with name 'webNumMapper'.
2020-10-07 20:21:51.877 DEBUG 60457 --- [    Test worker] o.m.s.mapper.ClassPathMapperScanner      : Creating MapperFactoryBean with name 'weiboMapper' and 'kybmig.ssm.mapper.WeiboMapper' mapperInterface
2020-10-07 20:21:51.877 DEBUG 60457 --- [    Test worker] o.m.s.mapper.ClassPathMapperScanner      : Enabling autowire by type for MapperFactoryBean with name 'weiboMapper'.
2020-10-07 20:21:52.615  INFO 60457 --- [    Test worker] com.zaxxer.hikari.HikariDataSource       : HikariPool-1 - Starting...
2020-10-07 20:21:53.119  INFO 60457 --- [    Test worker] com.zaxxer.hikari.HikariDataSource       : HikariPool-1 - Start completed.
2020-10-07 20:21:53.215 DEBUG 60457 --- [    Test worker] o.mybatis.spring.SqlSessionFactoryBean   : Property 'mapperLocations' was not specified.
2020-10-07 20:21:53.497  INFO 60457 --- [    Test worker] kybmig.ssm.Utility                       : PermissionAspect 注入需要的依赖
2020-10-07 20:21:54.275 DEBUG 60457 --- [    Test worker] o.s.w.s.handler.SimpleUrlHandlerMapping  : Patterns [/**/favicon.ico] in 'faviconHandlerMapping'
2020-10-07 20:21:54.551  INFO 60457 --- [    Test worker] o.s.s.concurrent.ThreadPoolTaskExecutor  : Initializing ExecutorService 'applicationTaskExecutor'
2020-10-07 20:21:54.580 DEBUG 60457 --- [    Test worker] s.w.s.m.m.a.RequestMappingHandlerAdapter : ControllerAdvice beans: 0 @ModelAttribute, 0 @InitBinder, 1 RequestBodyAdvice, 1 ResponseBodyAdvice
2020-10-07 20:21:54.699 DEBUG 60457 --- [    Test worker] s.w.s.m.m.a.RequestMappingHandlerMapping : 47 mappings in 'requestMappingHandlerMapping'
2020-10-07 20:21:54.714  INFO 60457 --- [    Test worker] o.s.b.a.w.s.WelcomePageHandlerMapping    : Adding welcome page template: index
2020-10-07 20:21:54.751 DEBUG 60457 --- [    Test worker] o.s.w.s.handler.SimpleUrlHandlerMapping  : Patterns [/webjars/**, /**] in 'resourceHandlerMapping'
2020-10-07 20:21:54.774 DEBUG 60457 --- [    Test worker] .m.m.a.ExceptionHandlerExceptionResolver : ControllerAdvice beans: 0 @ExceptionHandler, 1 ResponseBodyAdvice
2020-10-07 20:21:54.923 DEBUG 60457 --- [    Test worker] o.m.s.b.a.MybatisAutoConfiguration       : Not found configuration for registering mapper bean using @MapperScan, MapperFactoryBean and MapperScannerConfigurer.
2020-10-07 20:21:55.036 DEBUG 60457 --- [    Test worker] o.s.w.s.v.f.FreeMarkerConfigurer         : Template loader path [class path resource [templates/]] resolved to file path [/Users/fumanhua/Desktop/web19-2-maybefinal/板书/build/resources/main/templates]
2020-10-07 20:21:55.278  INFO 60457 --- [    Test worker] kybmig.ssm.SsmApplicationTests           : Started SsmApplicationTests in 5.349 seconds (JVM running for 6.922)
]]></system-out>
  <system-err><![CDATA[]]></system-err>
</testsuite>
